2025-09-07 19:38:49,995 - INFO - select pg_catalog.version()
2025-09-07 19:38:49,996 - INFO - [raw sql] ()
2025-09-07 19:38:49,999 - INFO - select current_schema()
2025-09-07 19:38:49,999 - INFO - [raw sql] ()
2025-09-07 19:38:50,007 - INFO - show standard_conforming_strings
2025-09-07 19:38:50,007 - INFO - [raw sql] ()
2025-09-07 19:38:50,010 - INFO - BEGIN (implicit)
2025-09-07 19:38:50,015 - INFO - SELECT pg_catalog.pg_class.relname 
FROM pg_catalog.pg_class JOIN pg_catalog.pg_namespace ON pg_catalog.pg_namespace.oid = pg_catalog.pg_class.relnamespace 
WHERE pg_catalog.pg_class.relname = $1::VARCHAR AND pg_catalog.pg_class.relkind = ANY (ARRAY[$2::VARCHAR, $3::VARCHAR, $4::VARCHAR, $5::VARCHAR, $6::VARCHAR]) AND pg_catalog.pg_table_is_visible(pg_catalog.pg_class.oid) AND pg_catalog.pg_namespace.nspname != $7::VARCHAR
2025-09-07 19:38:50,015 - INFO - [generated in 0.00020s] ('contacts', 'r', 'p', 'f', 'v', 'm', 'pg_catalog')
2025-09-07 19:38:50,020 - INFO - 
CREATE TABLE contacts (
	id SERIAL NOT NULL, 
	name VARCHAR(100) NOT NULL, 
	email VARCHAR(150) NOT NULL, 
	message VARCHAR(500) NOT NULL, 
	PRIMARY KEY (id)
)


2025-09-07 19:38:50,020 - INFO - [no key 0.00013s] ()
2025-09-07 19:38:50,026 - INFO - CREATE INDEX ix_contacts_id ON contacts (id)
2025-09-07 19:38:50,026 - INFO - [no key 0.00012s] ()
2025-09-07 19:38:50,028 - INFO - COMMIT
2025-09-07 19:38:50,031 - INFO - Database initialized successfully
2025-09-07 19:39:29,302 - INFO - select pg_catalog.version()
2025-09-07 19:39:29,302 - INFO - [raw sql] ()
2025-09-07 19:39:29,305 - INFO - select current_schema()
2025-09-07 19:39:29,305 - INFO - [raw sql] ()
2025-09-07 19:39:29,308 - INFO - show standard_conforming_strings
2025-09-07 19:39:29,308 - INFO - [raw sql] ()
2025-09-07 19:39:29,309 - INFO - BEGIN (implicit)
2025-09-07 19:39:29,313 - INFO - SELECT pg_catalog.pg_class.relname 
FROM pg_catalog.pg_class JOIN pg_catalog.pg_namespace ON pg_catalog.pg_namespace.oid = pg_catalog.pg_class.relnamespace 
WHERE pg_catalog.pg_class.relname = $1::VARCHAR AND pg_catalog.pg_class.relkind = ANY (ARRAY[$2::VARCHAR, $3::VARCHAR, $4::VARCHAR, $5::VARCHAR, $6::VARCHAR]) AND pg_catalog.pg_table_is_visible(pg_catalog.pg_class.oid) AND pg_catalog.pg_namespace.nspname != $7::VARCHAR
2025-09-07 19:39:29,313 - INFO - [generated in 0.00062s] ('contacts', 'r', 'p', 'f', 'v', 'm', 'pg_catalog')
2025-09-07 19:39:29,317 - INFO - COMMIT
2025-09-07 19:39:29,318 - INFO - Database initialized successfully
2025-09-07 19:54:46,262 - INFO - select pg_catalog.version()
2025-09-07 19:54:46,262 - INFO - [raw sql] ()
2025-09-07 19:54:46,265 - INFO - select current_schema()
2025-09-07 19:54:46,265 - INFO - [raw sql] ()
2025-09-07 19:54:46,268 - INFO - show standard_conforming_strings
2025-09-07 19:54:46,268 - INFO - [raw sql] ()
2025-09-07 19:54:46,270 - INFO - BEGIN (implicit)
2025-09-07 19:54:46,273 - INFO - SELECT pg_catalog.pg_class.relname 
FROM pg_catalog.pg_class JOIN pg_catalog.pg_namespace ON pg_catalog.pg_namespace.oid = pg_catalog.pg_class.relnamespace 
WHERE pg_catalog.pg_class.relname = $1::VARCHAR AND pg_catalog.pg_class.relkind = ANY (ARRAY[$2::VARCHAR, $3::VARCHAR, $4::VARCHAR, $5::VARCHAR, $6::VARCHAR]) AND pg_catalog.pg_table_is_visible(pg_catalog.pg_class.oid) AND pg_catalog.pg_namespace.nspname != $7::VARCHAR
2025-09-07 19:54:46,273 - INFO - [generated in 0.00020s] ('contacts', 'r', 'p', 'f', 'v', 'm', 'pg_catalog')
2025-09-07 19:54:46,277 - INFO - COMMIT
2025-09-07 19:54:46,278 - INFO - Database initialized successfully
2025-09-07 20:17:05,880 - INFO - select pg_catalog.version()
2025-09-07 20:17:05,880 - INFO - [raw sql] ()
2025-09-07 20:17:05,884 - INFO - select current_schema()
2025-09-07 20:17:05,884 - INFO - [raw sql] ()
2025-09-07 20:17:05,887 - INFO - show standard_conforming_strings
2025-09-07 20:17:05,887 - INFO - [raw sql] ()
2025-09-07 20:17:05,889 - INFO - BEGIN (implicit)
2025-09-07 20:17:05,893 - INFO - SELECT pg_catalog.pg_class.relname 
FROM pg_catalog.pg_class JOIN pg_catalog.pg_namespace ON pg_catalog.pg_namespace.oid = pg_catalog.pg_class.relnamespace 
WHERE pg_catalog.pg_class.relname = $1::VARCHAR AND pg_catalog.pg_class.relkind = ANY (ARRAY[$2::VARCHAR, $3::VARCHAR, $4::VARCHAR, $5::VARCHAR, $6::VARCHAR]) AND pg_catalog.pg_table_is_visible(pg_catalog.pg_class.oid) AND pg_catalog.pg_namespace.nspname != $7::VARCHAR
2025-09-07 20:17:05,893 - INFO - [generated in 0.00021s] ('contacts', 'r', 'p', 'f', 'v', 'm', 'pg_catalog')
2025-09-07 20:17:05,897 - INFO - COMMIT
2025-09-07 20:17:05,898 - INFO - Database initialized successfully
2025-09-07 20:27:07,504 - INFO - select pg_catalog.version()
2025-09-07 20:27:07,504 - INFO - [raw sql] ()
2025-09-07 20:27:07,507 - INFO - select current_schema()
2025-09-07 20:27:07,507 - INFO - [raw sql] ()
2025-09-07 20:27:07,511 - INFO - show standard_conforming_strings
2025-09-07 20:27:07,511 - INFO - [raw sql] ()
2025-09-07 20:27:07,513 - INFO - BEGIN (implicit)
2025-09-07 20:27:07,517 - INFO - SELECT pg_catalog.pg_class.relname 
FROM pg_catalog.pg_class JOIN pg_catalog.pg_namespace ON pg_catalog.pg_namespace.oid = pg_catalog.pg_class.relnamespace 
WHERE pg_catalog.pg_class.relname = $1::VARCHAR AND pg_catalog.pg_class.relkind = ANY (ARRAY[$2::VARCHAR, $3::VARCHAR, $4::VARCHAR, $5::VARCHAR, $6::VARCHAR]) AND pg_catalog.pg_table_is_visible(pg_catalog.pg_class.oid) AND pg_catalog.pg_namespace.nspname != $7::VARCHAR
2025-09-07 20:27:07,517 - INFO - [generated in 0.00019s] ('contacts', 'r', 'p', 'f', 'v', 'm', 'pg_catalog')
2025-09-07 20:27:07,521 - INFO - COMMIT
2025-09-07 20:27:07,522 - INFO - Database initialized successfully
2025-09-07 20:29:19,426 - INFO - select pg_catalog.version()
2025-09-07 20:29:19,426 - INFO - [raw sql] ()
2025-09-07 20:29:19,429 - INFO - select current_schema()
2025-09-07 20:29:19,430 - INFO - [raw sql] ()
2025-09-07 20:29:19,433 - INFO - show standard_conforming_strings
2025-09-07 20:29:19,433 - INFO - [raw sql] ()
2025-09-07 20:29:19,434 - INFO - BEGIN (implicit)
2025-09-07 20:29:19,438 - INFO - SELECT pg_catalog.pg_class.relname 
FROM pg_catalog.pg_class JOIN pg_catalog.pg_namespace ON pg_catalog.pg_namespace.oid = pg_catalog.pg_class.relnamespace 
WHERE pg_catalog.pg_class.relname = $1::VARCHAR AND pg_catalog.pg_class.relkind = ANY (ARRAY[$2::VARCHAR, $3::VARCHAR, $4::VARCHAR, $5::VARCHAR, $6::VARCHAR]) AND pg_catalog.pg_table_is_visible(pg_catalog.pg_class.oid) AND pg_catalog.pg_namespace.nspname != $7::VARCHAR
2025-09-07 20:29:19,438 - INFO - [generated in 0.00020s] ('contacts', 'r', 'p', 'f', 'v', 'm', 'pg_catalog')
2025-09-07 20:29:19,442 - INFO - COMMIT
2025-09-07 20:29:19,443 - INFO - Database initialized successfully
2025-09-07 20:42:41,397 - INFO - select pg_catalog.version()
2025-09-07 20:42:41,397 - INFO - [raw sql] ()
2025-09-07 20:42:41,400 - INFO - select current_schema()
2025-09-07 20:42:41,400 - INFO - [raw sql] ()
2025-09-07 20:42:41,406 - INFO - show standard_conforming_strings
2025-09-07 20:42:41,406 - INFO - [raw sql] ()
2025-09-07 20:42:41,409 - INFO - BEGIN (implicit)
2025-09-07 20:42:41,413 - INFO - SELECT pg_catalog.pg_class.relname 
FROM pg_catalog.pg_class JOIN pg_catalog.pg_namespace ON pg_catalog.pg_namespace.oid = pg_catalog.pg_class.relnamespace 
WHERE pg_catalog.pg_class.relname = $1::VARCHAR AND pg_catalog.pg_class.relkind = ANY (ARRAY[$2::VARCHAR, $3::VARCHAR, $4::VARCHAR, $5::VARCHAR, $6::VARCHAR]) AND pg_catalog.pg_table_is_visible(pg_catalog.pg_class.oid) AND pg_catalog.pg_namespace.nspname != $7::VARCHAR
2025-09-07 20:42:41,413 - INFO - [generated in 0.00019s] ('contacts', 'r', 'p', 'f', 'v', 'm', 'pg_catalog')
2025-09-07 20:42:41,418 - INFO - COMMIT
2025-09-07 20:42:41,418 - INFO - Database initialized successfully
2025-09-07 20:43:13,267 - INFO - BEGIN (implicit)
2025-09-07 20:43:13,270 - INFO - INSERT INTO contacts (name, email, message) VALUES ($1::VARCHAR, $2::VARCHAR, $3::VARCHAR) RETURNING contacts.id
2025-09-07 20:43:13,270 - INFO - [generated in 0.00018s] ('Mayur Dayaram Nikam', 'mayurnikam266@gmail.com', 'hii')
2025-09-07 20:43:13,276 - INFO - COMMIT
2025-09-07 20:43:13,278 - INFO - New contact submitted: name='Mayur Dayaram Nikam' email='mayurnikam266@gmail.com' message='hii'
